2025-03-18 07:54:58 [GET]  /............................. ~    19.13ms
2025-03-18 07:56:26 [POST] /login........................ ~   436.40ms
2025-03-18 07:56:53 [POST] /login........................ ~     1.98ms
2025-03-18 07:57:00 [POST] /login........................ ~     0.91ms
2025-03-18 07:57:12 [POST] /login........................ ~   484.85ms
2025-03-18 07:57:17 [POST] /login........................ ~   663.22ms
2025-03-18 07:59:44 [POST] /login........................ ~   799.35ms
2025-03-18 07:59:51 [POST] /login........................ ~   553.67ms
2025-03-18 08:00:59 [POST] /login........................ ~  2900.84ms
2025-03-18 08:02:11 [POST] /login........................ ~   361.71ms
2025-03-18 08:02:15 [POST] /login........................ ~   310.76ms
2025-03-18 08:02:30 [POST] /login........................ ~     2.86ms
2025-03-18 08:02:34 [POST] /login........................ ~   416.34ms
2025-03-18 08:03:37 [POST] /login........................ ~   386.70ms
2025-03-18 09:25:45 [GET]  /............................. ~    18.41ms
2025-03-18 09:25:45 [GET]  /favicon.ico.................. ~     8.06ms
2025-03-18 09:25:48 [GET]  /............................. ~     2.56ms
2025-03-18 09:25:48 [GET]  /............................. ~     2.11ms
2025-03-18 09:25:48 [GET]  /............................. ~     1.54ms
2025-03-18 09:25:49 [GET]  /............................. ~     1.96ms
2025-03-18 09:25:49 [GET]  /............................. ~     1.97ms
2025-03-18 09:25:49 [GET]  /............................. ~     1.84ms
2025-03-18 09:25:49 [GET]  /............................. ~     2.55ms
2025-03-18 09:25:49 [GET]  /............................. ~     2.61ms
2025-03-18 09:25:49 [GET]  /............................. ~     1.86ms
2025-03-18 09:25:50 [GET]  /............................. ~     1.76ms
2025-03-18 09:25:50 [GET]  /............................. ~     2.34ms
2025-03-18 09:25:50 [GET]  /............................. ~     1.65ms
2025-03-18 09:25:50 [GET]  /............................. ~     1.55ms
2025-03-18 09:25:50 [GET]  /............................. ~     1.81ms
2025-03-18 09:27:44 [GET]  /............................. ~     1.47ms
2025-03-18 09:27:48 [GET]  /api/multitude................ ~   419.07ms
2025-03-18 09:27:48 [GET]  /favicon.ico.................. ~     1.78ms
2025-03-18 09:28:15 [GET]  /............................. ~     2.02ms
2025-03-18 09:28:15 [GET]  /............................. ~     1.40ms
2025-03-18 09:28:15 [GET]  /............................. ~     1.33ms
2025-03-18 09:28:16 [GET]  /............................. ~     2.09ms
2025-03-18 09:28:16 [GET]  /............................. ~     1.61ms
2025-03-18 09:28:16 [GET]  /............................. ~     1.45ms
2025-03-18 09:28:16 [GET]  /............................. ~     2.21ms
2025-03-18 09:28:17 [GET]  /............................. ~     1.60ms
2025-03-18 09:28:17 [GET]  /............................. ~     1.42ms
2025-03-18 09:28:17 [GET]  /............................. ~     1.45ms
2025-03-18 09:28:17 [GET]  /............................. ~     1.57ms
2025-03-18 09:28:17 [GET]  /............................. ~     1.39ms
2025-03-18 09:28:49 [POST] /login........................ ~   388.80ms
2025-03-18 09:28:54 [POST] /login........................ ~   445.36ms
2025-03-18 09:30:10 [POST] /login........................ ~   430.78ms
2025-03-18 09:30:34 [POST] /login........................ ~  4510.20ms
2025-03-18 09:31:27 [GET]  /profile...................... ~     1.40ms
2025-03-18 09:43:57 [GET]  /profile...................... ~    13.69ms
2025-03-18 09:44:34 [GET]  /profile...................... ~     9.45ms
2025-03-18 09:48:06 [GET]  /profile...................... ~    14.54ms
2025-03-18 09:48:49 [GET]  /profile...................... ~     1.99ms
2025-03-18 09:48:59 [POST] /login........................ ~   363.91ms
2025-03-18 09:50:02 [POST] /profile...................... ~    10.97ms
2025-03-18 09:50:08 [POST] /login........................ ~   467.92ms
2025-03-18 09:51:42 [GET]  /profile...................... ~    13.42ms
2025-03-18 09:52:45 [GET]  /profile...................... ~    13.62ms
2025-03-18 09:53:07 [GET]  /profile...................... ~    20.42ms
2025-03-18 09:53:36 [GET]  /profile...................... ~    13.65ms
2025-03-18 09:55:18 [GET]  /profile...................... ~    12.94ms
2025-03-18 09:55:46 [GET]  /profile...................... ~    12.31ms
2025-03-18 09:56:05 [GET]  /profile...................... ~    30.30ms
2025-03-18 09:56:40 [GET]  /profile...................... ~    25.45ms
2025-03-18 09:56:56 [GET]  /profile...................... ~    27.94ms
2025-03-18 09:59:02 [GET]  /profile...................... ~  2163.81ms
2025-03-18 10:00:58 [GET]  /profile...................... ~    22.78ms
2025-03-18 10:01:21 [GET]  /profile...................... ~  2099.97ms
2025-03-18 10:03:30 [GET]  /profile...................... ~  1288.34ms
2025-03-18 10:07:43 [GET]  /profile...................... ~  3378.66ms
2025-03-18 13:38:57 [POST] /login........................ ~   245.83ms
2025-03-18 13:41:27 [POST] /api/users/................... ~     1.53ms
2025-03-18 13:41:59 [GET]  /............................. ~    15.63ms
2025-03-18 13:41:59 [GET]  /favicon.ico.................. ~     3.50ms
2025-03-18 13:43:32 [POST] /api/users/................... ~  1086.16ms
2025-03-18 13:44:05 [POST] /login........................ ~   416.90ms
2025-03-18 13:44:56 [POST] /login........................ ~   622.16ms
