2025-03-25 10:18:14 [OPTIONS] /api/users/................... ~    10.22ms
2025-03-25 10:18:15 [POST] /api/users/................... ~   879.83ms
2025-03-25 10:25:53 [OPTIONS] /api/users/................... ~     0.95ms
2025-03-25 10:25:54 [POST] /api/users/................... ~   985.41ms
2025-03-25 10:58:07 [OPTIONS] /api/users/................... ~     2.38ms
2025-03-25 10:58:08 [POST] /api/users/................... ~  1115.05ms
2025-03-25 11:03:27 [OPTIONS] /api/users/................... ~     3.13ms
2025-03-25 11:03:30 [POST] /api/users/................... ~  2853.80ms
2025-03-25 11:08:11 [OPTIONS] /api/users/................... ~     5.47ms
2025-03-25 11:08:12 [POST] /api/users/................... ~   710.24ms
2025-03-25 15:03:21 [OPTIONS] /api/users/................... ~     4.74ms
2025-03-25 15:03:21 [POST] /api/users/................... ~   572.72ms
2025-03-25 16:32:45 [OPTIONS] /api/users/................... ~     5.48ms
2025-03-25 16:32:45 [POST] /api/users/................... ~   532.08ms
2025-03-25 16:32:54 [OPTIONS] /api/users/................... ~     0.65ms
2025-03-25 16:32:55 [POST] /api/users/................... ~   530.15ms
2025-03-25 16:37:29 [OPTIONS] /api/users/................... ~     0.38ms
2025-03-25 16:37:29 [POST] /api/users/................... ~     5.51ms
2025-03-25 16:42:28 [OPTIONS] /api/users/................... ~     4.71ms
2025-03-25 16:42:28 [POST] /api/users/................... ~    14.58ms
2025-03-25 16:45:31 [OPTIONS] /api/users/................... ~     5.29ms
2025-03-25 16:45:31 [POST] /api/users/................... ~     9.38ms
2025-03-25 16:48:13 [POST] /api/users/................... ~  2077.55ms
