2025-03-28 16:52:43 [GET]  /profile...................... ~     5.28ms
2025-03-28 16:52:51 [POST] /login........................ ~   419.82ms
2025-03-28 16:52:52 [GET]  /profile...................... ~   347.35ms
2025-03-28 16:52:55 [GET]  /profile...................... ~   359.37ms
2025-03-28 16:52:56 [POST] /logout....................... ~     1.09ms
2025-03-28 16:52:57 [GET]  /profile...................... ~     0.64ms
2025-03-28 16:55:49 [POST] /api/users/................... ~   693.74ms
2025-03-28 16:55:51 [POST] /api/users/................... ~   573.06ms
2025-03-28 16:55:52 [POST] /api/users/................... ~   666.03ms
2025-03-28 16:55:53 [POST] /api/users/................... ~   685.90ms
2025-03-28 16:55:54 [POST] /api/users/................... ~   718.99ms
2025-03-28 16:56:10 [POST] /api/users/................... ~   602.20ms
2025-03-28 16:56:12 [POST] /api/users/................... ~   633.14ms
2025-03-28 16:56:13 [POST] /api/users/................... ~   750.19ms
2025-03-28 16:56:14 [POST] /api/users/................... ~   563.54ms
2025-03-28 16:56:18 [GET]  /profile...................... ~     0.74ms
2025-03-28 17:00:12 [GET]  /profile...................... ~     0.58ms
2025-03-28 20:04:58 [GET]  /profile...................... ~     3.94ms
2025-03-28 20:36:27 [GET]  /profile...................... ~     1.01ms
2025-03-28 20:36:30 [GET]  /profile...................... ~     0.60ms
2025-03-28 20:36:51 [GET]  /profile...................... ~     0.56ms
2025-03-28 20:36:54 [GET]  /profile...................... ~     0.72ms
2025-03-28 20:45:22 [GET]  /profile...................... ~     0.68ms
