2025-03-26 08:14:10 [POST] /api/users/................... ~  1014.33ms
2025-03-26 08:14:31 [POST] /api/users/................... ~   783.76ms
2025-03-26 08:14:38 [POST] /api/users/................... ~   886.38ms
2025-03-26 08:15:32 [POST] /api/users/................... ~   655.09ms
2025-03-26 08:15:41 [POST] /api/users/................... ~   902.31ms
2025-03-26 08:15:44 [POST] /api/users/................... ~  1144.74ms
2025-03-26 08:17:02 [POST] /api/users/................... ~  1139.60ms
2025-03-26 08:17:08 [POST] /api/users/................... ~   748.35ms
2025-03-26 08:17:39 [POST] /api/users/................... ~   588.65ms
2025-03-26 08:18:57 [POST] /api/users/................... ~   663.23ms
2025-03-26 08:19:31 [POST] /api/users/................... ~   654.78ms
2025-03-26 08:19:43 [POST] /api/users/................... ~   630.03ms
2025-03-26 08:24:40 [POST] /api/users/................... ~  1401.34ms
2025-03-26 08:25:04 [POST] /api/users/................... ~   669.78ms
2025-03-26 08:26:15 [POST] /api/users/................... ~   910.89ms
2025-03-26 08:26:27 [POST] /api/users/................... ~  1088.25ms
2025-03-26 08:28:17 [POST] /api/users/................... ~   691.37ms
2025-03-26 08:28:39 [POST] /api/users/................... ~  1037.23ms
2025-03-26 08:41:39 [GET]  /............................. ~    13.49ms
2025-03-26 08:41:39 [GET]  /favicon.ico.................. ~     4.04ms
2025-03-26 08:42:06 [GET]  /api-docs..................... ~     2.53ms
2025-03-26 08:42:06 [GET]  /api-docs/.................... ~     1.75ms
2025-03-26 08:42:06 [GET]  /api-docs/swagger-ui-bundle.js ~     1.53ms
2025-03-26 08:42:06 [GET]  /api-docs/swagger-ui-init.js.. ~     1.60ms
2025-03-26 08:42:06 [GET]  /api-docs/swagger-ui.css...... ~     9.03ms
2025-03-26 08:42:06 [GET]  /api-docs/swagger-ui-standalone-preset.js ~     9.33ms
2025-03-26 08:44:52 [POST] /profile...................... ~     0.58ms
2025-03-26 08:44:57 [GET]  /profile...................... ~     1.27ms
2025-03-26 08:46:30 [GET]  /login........................ ~     0.38ms
2025-03-26 08:46:35 [POST] /login........................ ~   496.64ms
2025-03-26 08:47:07 [POST] /login........................ ~   381.66ms
2025-03-26 08:47:48 [POST] /login........................ ~  4116.54ms
2025-03-26 08:48:42 [POST] /login........................ ~  7296.54ms
2025-03-26 08:48:54 [GET]  /profile...................... ~   765.14ms
2025-03-26 08:54:24 [GET]  /profile...................... ~   917.01ms
2025-03-26 08:58:25 [GET]  /profile...................... ~     3.46ms
2025-03-26 08:58:30 [GET]  /profile...................... ~     0.90ms
2025-03-26 08:58:47 [GET]  /profile...................... ~     0.66ms
2025-03-26 08:58:58 [GET]  /profile...................... ~     0.55ms
2025-03-26 08:59:18 [POST] /login........................ ~   412.02ms
2025-03-26 08:59:19 [GET]  /profile...................... ~     0.80ms
2025-03-26 08:59:42 [GET]  /profile...................... ~     0.90ms
2025-03-26 09:06:59 [GET]  /profile...................... ~     1.26ms
2025-03-26 09:07:10 [GET]  /profile...................... ~     1.58ms
2025-03-26 09:07:14 [GET]  /profile...................... ~     1.43ms
2025-03-26 09:07:32 [GET]  /profile...................... ~     0.54ms
2025-03-26 09:08:15 [POST] /login........................ ~   357.90ms
2025-03-26 09:08:35 [GET]  /profile...................... ~     1.36ms
2025-03-26 09:12:05 [GET]  /profile...................... ~   801.95ms
2025-03-26 09:12:37 [GET]  /profile...................... ~  6045.09ms
2025-03-26 09:13:27 [GET]  /profile...................... ~     1.59ms
2025-03-26 09:13:57 [GET]  /profile...................... ~     1.06ms
2025-03-26 09:14:48 [GET]  /profile...................... ~   220.61ms
2025-03-26 09:15:07 [GET]  /profile...................... ~   191.08ms
2025-03-26 09:15:17 [GET]  /profile...................... ~   191.43ms
2025-03-26 09:15:21 [GET]  /profile...................... ~   193.71ms
2025-03-26 09:15:23 [GET]  /profile...................... ~   235.49ms
2025-03-26 09:15:26 [GET]  /profile...................... ~   386.71ms
2025-03-26 09:15:36 [GET]  /profile...................... ~   193.87ms
2025-03-26 09:15:37 [GET]  /profile...................... ~   282.30ms
2025-03-26 09:15:41 [GET]  /profile...................... ~   249.82ms
2025-03-26 09:15:51 [GET]  /profile...................... ~   364.73ms
2025-03-26 09:16:19 [GET]  /profile...................... ~   207.18ms
2025-03-26 09:17:11 [GET]  /profile...................... ~   415.81ms
2025-03-26 09:18:06 [GET]  /profile...................... ~   190.01ms
2025-03-26 09:18:26 [GET]  /profile...................... ~   188.80ms
2025-03-26 09:18:29 [GET]  /profile...................... ~   189.75ms
2025-03-26 09:18:46 [GET]  /profile...................... ~   638.99ms
2025-03-26 09:19:41 [GET]  /profile...................... ~   447.85ms
2025-03-26 09:19:43 [GET]  /profile...................... ~   345.28ms
2025-03-26 09:19:44 [GET]  /profile...................... ~   193.19ms
2025-03-26 09:19:47 [GET]  /profile...................... ~   230.09ms
2025-03-26 09:20:54 [GET]  /profile...................... ~   483.11ms
2025-03-26 09:20:59 [GET]  /profile...................... ~   245.75ms
2025-03-26 09:21:03 [GET]  /profile...................... ~   265.27ms
2025-03-26 09:21:20 [GET]  /profile...................... ~   301.66ms
2025-03-26 09:21:26 [GET]  /profile...................... ~   268.85ms
