2025-03-17 16:42:18 [GET]  /............................. ~    18.25ms
2025-03-17 16:42:18 [GET]  /favicon.ico.................. ~     6.47ms
2025-03-17 16:42:21 [GET]  /............................. ~     4.16ms
2025-03-17 16:42:21 [GET]  /............................. ~     0.97ms
2025-03-17 16:42:55 [POST] /login........................ ~   363.29ms
2025-03-17 16:42:58 [POST] /login........................ ~   285.94ms
2025-03-17 16:44:14 [GET]  /api/users/................... ~   291.60ms
2025-03-17 16:44:26 [POST] /api/users/................... ~     0.99ms
2025-03-17 16:44:55 [POST] /api/users/................... ~  1481.37ms
2025-03-17 16:46:11 [POST] /api/users/................... ~  1769.52ms
2025-03-17 16:50:16 [POST] /api/users/................... ~   568.05ms
2025-03-17 16:50:36 [GET]  /api/users/................... ~   328.37ms
2025-03-17 18:28:48 [GET]  /............................. ~    18.26ms
2025-03-17 19:18:19 [GET]  /............................. ~    22.68ms
2025-03-17 19:18:19 [GET]  /favicon.ico.................. ~    13.47ms
2025-03-17 19:18:25 [GET]  /api/users/................... ~   352.35ms
2025-03-17 19:20:48 [POST] /api/users/................... ~  1324.63ms
2025-03-17 19:20:57 [POST] /api/users/................... ~   776.88ms
2025-03-17 19:21:56 [POST] /api/users/................... ~   869.94ms
2025-03-17 19:28:23 [POST] /api/users/................... ~   625.29ms
2025-03-17 19:31:32 [POST] /api/users/................... ~  1185.46ms
2025-03-17 19:32:08 [POST] /api/users/................... ~  1038.45ms
2025-03-17 19:32:58 [POST] /api/users/................... ~   680.08ms
2025-03-17 19:33:03 [POST] /api/users/................... ~   739.38ms
2025-03-17 19:33:08 [GET]  /api/users/................... ~   352.53ms
2025-03-17 19:33:13 [POST] /api/users/................... ~   672.33ms
2025-03-17 19:33:34 [POST] /api/users/................... ~   792.76ms
2025-03-17 19:34:27 [POST] /api/users/................... ~  3275.00ms
2025-03-17 19:34:52 [POST] /api/users/................... ~  5710.93ms
2025-03-17 19:35:30 [POST] /api/users/................... ~  4481.08ms
2025-03-17 19:36:14 [POST] /api/users/................... ~  5220.06ms
2025-03-17 19:36:22 [POST] /api/users/................... ~   839.51ms
2025-03-17 19:36:30 [POST] /api/users/................... ~   816.80ms
2025-03-17 19:37:11 [POST] /api/users/................... ~  5382.87ms
