2025-03-27 08:53:29 [POST] /login........................ ~   612.92ms
2025-03-27 08:53:40 [POST] /login........................ ~   828.07ms
2025-03-27 08:54:10 [POST] /login........................ ~   499.93ms
2025-03-27 08:54:19 [POST] /login........................ ~   336.50ms
2025-03-27 08:54:30 [POST] /login........................ ~   336.05ms
2025-03-27 08:55:37 [POST] /login........................ ~   330.25ms
2025-03-27 08:57:03 [POST] /login........................ ~   428.01ms
2025-03-27 08:57:12 [POST] /login........................ ~   433.85ms
2025-03-27 08:57:13 [GET]  /profile...................... ~   724.07ms
2025-03-27 08:57:35 [GET]  /profile...................... ~   473.69ms
2025-03-27 08:57:42 [GET]  /profile...................... ~   303.90ms
2025-03-27 09:02:38 [POST] /logout....................... ~     0.40ms
2025-03-27 09:02:42 [GET]  /profile...................... ~   590.11ms
2025-03-27 09:03:20 [POST] /logout....................... ~     0.97ms
2025-03-27 09:03:22 [GET]  /profile...................... ~  1386.60ms
2025-03-27 09:03:28 [POST] /logout....................... ~     0.50ms
2025-03-27 09:03:29 [GET]  /profile...................... ~   314.31ms
2025-03-27 09:04:09 [POST] /logout....................... ~     0.89ms
2025-03-27 09:04:10 [GET]  /profile...................... ~   362.30ms
2025-03-27 09:04:16 [POST] /logout....................... ~     0.38ms
2025-03-27 09:05:44 [POST] /logout....................... ~     0.58ms
2025-03-27 09:05:47 [GET]  /profile...................... ~   442.04ms
2025-03-27 09:06:07 [POST] /logout....................... ~     0.78ms
2025-03-27 09:06:12 [GET]  /profile...................... ~   418.78ms
2025-03-27 09:06:56 [GET]  /profile...................... ~  4749.00ms
2025-03-27 09:06:58 [POST] /logout....................... ~     0.90ms
2025-03-27 09:07:01 [GET]  /profile...................... ~   731.06ms
2025-03-27 09:08:08 [GET]  /profile...................... ~     3.97ms
2025-03-27 09:08:14 [GET]  /profile...................... ~     0.48ms
2025-03-27 09:08:16 [GET]  /profile...................... ~     0.64ms
2025-03-27 09:08:17 [GET]  /profile...................... ~     0.46ms
2025-03-27 09:08:30 [GET]  /login........................ ~     2.02ms
2025-03-27 09:08:37 [POST] /login........................ ~   475.56ms
2025-03-27 09:08:55 [POST] /logout....................... ~     0.59ms
2025-03-27 09:10:30 [GET]  /profile...................... ~     0.63ms
2025-03-27 09:10:36 [POST] /login........................ ~   538.41ms
2025-03-27 09:10:38 [GET]  /profile...................... ~   496.40ms
2025-03-27 09:10:53 [GET]  /profile...................... ~   380.40ms
2025-03-27 09:11:02 [POST] /logout....................... ~     0.47ms
2025-03-27 09:11:09 [GET]  /profile...................... ~     0.44ms
2025-03-27 09:11:12 [GET]  /profile...................... ~     0.41ms
2025-03-27 09:11:13 [GET]  /profile...................... ~     0.38ms
2025-03-27 09:11:14 [GET]  /profile...................... ~     0.46ms
2025-03-27 09:18:26 [GET]  /profile...................... ~     0.40ms
2025-03-27 09:20:55 [GET]  /profile...................... ~     0.35ms
2025-03-27 09:21:00 [GET]  /profile...................... ~     0.76ms
2025-03-27 09:21:03 [GET]  /profile...................... ~     0.52ms
2025-03-27 09:21:12 [GET]  /profile...................... ~     0.37ms
2025-03-27 09:21:19 [GET]  /profile...................... ~     1.32ms
2025-03-27 09:22:18 [GET]  /profile...................... ~     0.47ms
2025-03-27 09:22:27 [GET]  /profile...................... ~     0.32ms
2025-03-27 09:23:10 [GET]  /profile...................... ~     0.52ms
2025-03-27 09:24:13 [GET]  /profile...................... ~     0.34ms
2025-03-27 09:25:09 [GET]  /profile...................... ~     0.33ms
2025-03-27 09:25:22 [GET]  /profile...................... ~     0.39ms
2025-03-27 09:25:23 [GET]  /profile...................... ~     0.79ms
2025-03-27 09:25:52 [GET]  /profile...................... ~     0.38ms
2025-03-27 09:25:53 [GET]  /profile...................... ~     0.53ms
2025-03-27 09:37:12 [GET]  /profile...................... ~     3.75ms
2025-03-27 09:37:13 [GET]  /profile...................... ~     0.63ms
2025-03-27 09:37:18 [GET]  /profile...................... ~     0.66ms
2025-03-27 09:39:52 [POST] /api/users/................... ~  1118.10ms
2025-03-27 09:40:02 [GET]  /profile...................... ~   344.37ms
2025-03-27 09:40:06 [POST] /logout....................... ~     0.82ms
2025-03-27 09:40:06 [GET]  /profile...................... ~     0.77ms
2025-03-27 09:45:36 [POST] /login........................ ~   634.56ms
2025-03-27 09:45:37 [GET]  /profile...................... ~   430.40ms
2025-03-27 09:48:03 [POST] /logout....................... ~     0.70ms
2025-03-27 09:48:04 [GET]  /profile...................... ~     1.16ms
2025-03-27 09:48:09 [POST] /login........................ ~   429.67ms
2025-03-27 09:48:10 [GET]  /profile...................... ~   392.59ms
2025-03-27 09:54:19 [GET]  /profile...................... ~   327.98ms
2025-03-27 10:05:12 [GET]  /profile...................... ~   350.13ms
2025-03-27 10:13:55 [GET]  /profile...................... ~   407.54ms
2025-03-27 10:16:36 [POST] /logout....................... ~     0.47ms
2025-03-27 10:16:37 [GET]  /profile...................... ~     0.38ms
2025-03-27 10:16:44 [POST] /login........................ ~   510.91ms
2025-03-27 10:16:45 [GET]  /profile...................... ~   615.40ms
2025-03-27 14:03:38 [POST] /login........................ ~   372.97ms
2025-03-27 14:03:39 [GET]  /profile...................... ~   303.03ms
2025-03-27 14:03:42 [POST] /logout....................... ~     1.56ms
2025-03-27 14:03:42 [GET]  /profile...................... ~     1.25ms
2025-03-27 14:06:12 [POST] /api/users/................... ~ 27768.27ms
2025-03-27 14:06:26 [GET]  /profile...................... ~  5151.74ms
2025-03-27 15:28:55 [GET]  /profile...................... ~  1255.22ms
2025-03-27 15:39:55 [POST] /logout....................... ~     2.31ms
2025-03-27 15:39:55 [GET]  /profile...................... ~     0.48ms
2025-03-27 15:40:08 [POST] /login........................ ~   390.69ms
2025-03-27 15:40:09 [GET]  /profile...................... ~   362.59ms
2025-03-27 15:40:11 [POST] /logout....................... ~     1.57ms
2025-03-27 15:40:11 [GET]  /profile...................... ~     0.55ms
2025-03-27 15:40:21 [POST] /login........................ ~   395.44ms
2025-03-27 15:40:21 [GET]  /profile...................... ~   315.71ms
2025-03-27 16:04:28 [POST] /logout....................... ~     5.96ms
2025-03-27 16:04:29 [GET]  /profile...................... ~     0.90ms
2025-03-27 16:05:28 [GET]  /profile...................... ~     0.67ms
2025-03-27 16:12:05 [POST] /api/users/................... ~  4659.35ms
2025-03-27 16:12:16 [GET]  /profile...................... ~  2313.44ms
2025-03-27 16:12:26 [GET]  /profile...................... ~  3087.13ms
2025-03-27 16:47:45 [GET]  /profile...................... ~  2584.12ms
